<?xml version="1.0" encoding="UTF-8"?>
<!-- Generated by org.testng.reporters.JUnitXMLReporter -->
<testsuite ignored="4" hostname="DESKTOP-PJ44N8I" failures="0" tests="0" name="Default test" time="2.529" errors="0" timestamp="2022-05-21T01:37:25 EET">
  <testcase classname="tests.LoginPageTest" name="validLogin" time="0.0">
    <ignored/>
  </testcase> <!-- validLogin -->
  <testcase classname="tests.LoginPageTest" name="loginWithWrongCredintial" time="0.0">
    <ignored/>
  </testcase> <!-- loginWithWrongCredintial -->
  <testcase classname="tests.LoginPageTest" name="RefreshPageAfterEnteringData" time="0.0">
    <ignored/>
  </testcase> <!-- RefreshPageAfterEnteringData -->
  <testcase classname="tests.LoginPageTest" name="loginKeyEnter" time="0.0">
    <ignored/>
  </testcase> <!-- loginKeyEnter -->
</testsuite> <!-- Default test -->
