<?xml version="1.0" encoding="UTF-8"?>
<!-- Generated by org.testng.reporters.JUnitXMLReporter -->
<testsuite ignored="0" hostname="DESKTOP-PJ44N8I" failures="0" tests="12" name="Test" time="66.17" errors="0" timestamp="2022-05-19T15:56:27 EET">
  <testcase classname="tests.LoginPageTest" name="RefreshPageAfterEnteringData" time="1.242"/>
  <testcase classname="tests.LoginPageTest" name="loginKeyEnter" time="0.941"/>
  <testcase classname="tests.LoginPageTest" name="loginWithWrongCredintial" time="0.868"/>
  <testcase classname="tests.LoginPageTest" name="loginWithWrongCredintial" time="0.826"/>
  <testcase classname="tests.LoginPageTest" name="loginWithWrongCredintial" time="0.775"/>
  <testcase classname="tests.LoginPageTest" name="loginWithWrongCredintial" time="0.564"/>
  <testcase classname="tests.LoginPageTest" name="loginWithWrongCredintial" time="0.523"/>
  <testcase classname="tests.LoginPageTest" name="loginWithWrongCredintial" time="0.314"/>
  <testcase classname="tests.LoginPageTest" name="loginWithWrongCredintial" time="0.809"/>
  <testcase classname="tests.LoginPageTest" name="loginWithWrongCredintial" time="0.75"/>
  <testcase classname="tests.LoginPageTest" name="loginWithWrongCredintial" time="0.783"/>
  <testcase classname="tests.LoginPageTest" name="validLogin" time="0.89"/>
</testsuite> <!-- Test -->
