<?xml version="1.0" encoding="UTF-8"?>
<!-- Generated by org.testng.reporters.JUnitXMLReporter -->
<testsuite ignored="0" hostname="DESKTOP-PJ44N8I" failures="0" tests="17" name="Test" time="93.38" errors="0" timestamp="2022-05-21T13:41:47 EET">
  <testcase classname="tests.LoginPageTest" name="RefreshPageAfterEnteringData" time="1.238"/>
  <testcase classname="tests.LoginPageTest" name="checkPasswordNotCopied" time="0.624"/>
  <testcase classname="tests.LoginPageTest" name="isPasswordMasked" time="0.307"/>
  <testcase classname="tests.LoginPageTest" name="loginKeyEnter" time="1.066"/>
  <testcase classname="tests.LoginPageTest" name="loginWithWrongCredintial" time="0.859"/>
  <testcase classname="tests.LoginPageTest" name="loginWithWrongCredintial" time="0.784"/>
  <testcase classname="tests.LoginPageTest" name="loginWithWrongCredintial" time="0.817"/>
  <testcase classname="tests.LoginPageTest" name="loginWithWrongCredintial" time="0.774"/>
  <testcase classname="tests.LoginPageTest" name="loginWithWrongCredintial" time="0.571"/>
  <testcase classname="tests.LoginPageTest" name="loginWithWrongCredintial" time="0.536"/>
  <testcase classname="tests.LoginPageTest" name="loginWithWrongCredintial" time="0.332"/>
  <testcase classname="tests.LoginPageTest" name="loginWithWrongCredintial" time="0.776"/>
  <testcase classname="tests.LoginPageTest" name="loginWithWrongCredintial" time="0.808"/>
  <testcase classname="tests.LoginPageTest" name="loginWithWrongCredintial" time="0.837"/>
  <testcase classname="tests.LoginPageTest" name="loginWithWrongCredintial" time="0.766"/>
  <testcase classname="tests.LoginPageTest" name="loginWithWrongCredintial" time="0.746"/>
  <testcase classname="tests.LoginPageTest" name="validLogin" time="1.348"/>
</testsuite> <!-- Test -->
